>> Writing PID to tmp/pids/thin.pid
>> Using rack adapter
>> Thin web server (v1.5.1 codename Straight Razor)
>> Maximum connections set to 1024
>> Listening on localhost:80, CTRL+C to stop
>> Exiting!
/Users/Scott/.rvm/gems/ruby-2.0.0-p0/gems/eventmachine-1.0.3/lib/eventmachine.rb:526:in `start_tcp_server': no acceptor (port is in use or requires root privileges) (RuntimeError)
	from /Users/Scott/.rvm/gems/ruby-2.0.0-p0/gems/eventmachine-1.0.3/lib/eventmachine.rb:526:in `start_server'
	from /Users/Scott/.rvm/gems/ruby-2.0.0-p0/gems/thin-1.5.1/lib/thin/backends/tcp_server.rb:16:in `connect'
	from /Users/Scott/.rvm/gems/ruby-2.0.0-p0/gems/thin-1.5.1/lib/thin/backends/base.rb:55:in `block in start'
	from /Users/Scott/.rvm/gems/ruby-2.0.0-p0/gems/eventmachine-1.0.3/lib/eventmachine.rb:187:in `call'
	from /Users/Scott/.rvm/gems/ruby-2.0.0-p0/gems/eventmachine-1.0.3/lib/eventmachine.rb:187:in `run_machine'
	from /Users/Scott/.rvm/gems/ruby-2.0.0-p0/gems/eventmachine-1.0.3/lib/eventmachine.rb:187:in `run'
	from /Users/Scott/.rvm/gems/ruby-2.0.0-p0/gems/thin-1.5.1/lib/thin/backends/base.rb:63:in `start'
	from /Users/Scott/.rvm/gems/ruby-2.0.0-p0/gems/thin-1.5.1/lib/thin/server.rb:159:in `start'
	from /Users/Scott/.rvm/gems/ruby-2.0.0-p0/gems/thin-1.5.1/lib/thin/controllers/controller.rb:86:in `start'
	from /Users/Scott/.rvm/gems/ruby-2.0.0-p0/gems/thin-1.5.1/lib/thin/runner.rb:187:in `run_command'
	from /Users/Scott/.rvm/gems/ruby-2.0.0-p0/gems/thin-1.5.1/lib/thin/runner.rb:152:in `run!'
	from /Users/Scott/.rvm/gems/ruby-2.0.0-p0/gems/thin-1.5.1/bin/thin:6:in `<top (required)>'
	from /Users/Scott/.rvm/gems/ruby-2.0.0-p0/bin/thin:23:in `load'
	from /Users/Scott/.rvm/gems/ruby-2.0.0-p0/bin/thin:23:in `<main>'
	from /Users/Scott/.rvm/gems/ruby-2.0.0-p0/bin/ruby_noexec_wrapper:14:in `eval'
	from /Users/Scott/.rvm/gems/ruby-2.0.0-p0/bin/ruby_noexec_wrapper:14:in `<main>'
>> Writing PID to tmp/pids/thin.pid
>> Using rack adapter
>> Exiting!
/Users/Scott/.rvm/rubies/ruby-2.0.0-p0/lib/ruby/site_ruby/2.0.0/rubygems/core_ext/kernel_require.rb:45:in `require': cannot load such file -- bundler/setup (LoadError)
	from /Users/Scott/.rvm/rubies/ruby-2.0.0-p0/lib/ruby/site_ruby/2.0.0/rubygems/core_ext/kernel_require.rb:45:in `require'
	from /Users/Scott/ipsorter/config/boot.rb:6:in `<top (required)>'
	from /Users/Scott/.rvm/rubies/ruby-2.0.0-p0/lib/ruby/site_ruby/2.0.0/rubygems/core_ext/kernel_require.rb:45:in `require'
	from /Users/Scott/.rvm/rubies/ruby-2.0.0-p0/lib/ruby/site_ruby/2.0.0/rubygems/core_ext/kernel_require.rb:45:in `require'
	from /Users/Scott/ipsorter/config/application.rb:1:in `<top (required)>'
	from /Users/Scott/.rvm/rubies/ruby-2.0.0-p0/lib/ruby/site_ruby/2.0.0/rubygems/core_ext/kernel_require.rb:45:in `require'
	from /Users/Scott/.rvm/rubies/ruby-2.0.0-p0/lib/ruby/site_ruby/2.0.0/rubygems/core_ext/kernel_require.rb:45:in `require'
	from /Users/Scott/ipsorter/config/environment.rb:2:in `<top (required)>'
	from /Users/Scott/.rvm/rubies/ruby-2.0.0-p0/lib/ruby/site_ruby/2.0.0/rubygems/core_ext/kernel_require.rb:45:in `require'
	from /Users/Scott/.rvm/rubies/ruby-2.0.0-p0/lib/ruby/site_ruby/2.0.0/rubygems/core_ext/kernel_require.rb:45:in `require'
	from /Users/Scott/ipsorter/config.ru:3:in `block in <main>'
	from /Users/Scott/.rvm/rubies/ruby-2.0.0-p0/lib/ruby/gems/2.0.0/gems/rack-1.4.5/lib/rack/builder.rb:51:in `instance_eval'
	from /Users/Scott/.rvm/rubies/ruby-2.0.0-p0/lib/ruby/gems/2.0.0/gems/rack-1.4.5/lib/rack/builder.rb:51:in `initialize'
	from /Users/Scott/ipsorter/config.ru:1:in `new'
	from /Users/Scott/ipsorter/config.ru:1:in `<main>'
	from /Users/Scott/.rvm/rubies/ruby-2.0.0-p0/lib/ruby/gems/2.0.0/gems/thin-1.5.1/lib/rack/adapter/loader.rb:33:in `eval'
	from /Users/Scott/.rvm/rubies/ruby-2.0.0-p0/lib/ruby/gems/2.0.0/gems/thin-1.5.1/lib/rack/adapter/loader.rb:33:in `load'
	from /Users/Scott/.rvm/rubies/ruby-2.0.0-p0/lib/ruby/gems/2.0.0/gems/thin-1.5.1/lib/rack/adapter/loader.rb:42:in `for'
	from /Users/Scott/.rvm/rubies/ruby-2.0.0-p0/lib/ruby/gems/2.0.0/gems/thin-1.5.1/lib/thin/controllers/controller.rb:169:in `load_adapter'
	from /Users/Scott/.rvm/rubies/ruby-2.0.0-p0/lib/ruby/gems/2.0.0/gems/thin-1.5.1/lib/thin/controllers/controller.rb:73:in `start'
	from /Users/Scott/.rvm/rubies/ruby-2.0.0-p0/lib/ruby/gems/2.0.0/gems/thin-1.5.1/lib/thin/runner.rb:187:in `run_command'
	from /Users/Scott/.rvm/rubies/ruby-2.0.0-p0/lib/ruby/gems/2.0.0/gems/thin-1.5.1/lib/thin/runner.rb:152:in `run!'
	from /Users/Scott/.rvm/rubies/ruby-2.0.0-p0/lib/ruby/gems/2.0.0/gems/thin-1.5.1/bin/thin:6:in `<top (required)>'
	from /Users/Scott/.rvm/gems/ruby-2.0.0-p0/bin/thin:23:in `load'
	from /Users/Scott/.rvm/gems/ruby-2.0.0-p0/bin/thin:23:in `<main>'
	from /Users/Scott/.rvm/gems/ruby-2.0.0-p0/bin/ruby_noexec_wrapper:14:in `eval'
	from /Users/Scott/.rvm/gems/ruby-2.0.0-p0/bin/ruby_noexec_wrapper:14:in `<main>'
>> Writing PID to tmp/pids/thin.pid
>> Using rack adapter
>> Exiting!
/Users/Scott/.rvm/rubies/ruby-2.0.0-p0/lib/ruby/site_ruby/2.0.0/rubygems/core_ext/kernel_require.rb:45:in `require': cannot load such file -- bundler/setup (LoadError)
	from /Users/Scott/.rvm/rubies/ruby-2.0.0-p0/lib/ruby/site_ruby/2.0.0/rubygems/core_ext/kernel_require.rb:45:in `require'
	from /Users/Scott/ipsorter/config/boot.rb:6:in `<top (required)>'
	from /Users/Scott/.rvm/rubies/ruby-2.0.0-p0/lib/ruby/site_ruby/2.0.0/rubygems/core_ext/kernel_require.rb:45:in `require'
	from /Users/Scott/.rvm/rubies/ruby-2.0.0-p0/lib/ruby/site_ruby/2.0.0/rubygems/core_ext/kernel_require.rb:45:in `require'
	from /Users/Scott/ipsorter/config/application.rb:1:in `<top (required)>'
	from /Users/Scott/.rvm/rubies/ruby-2.0.0-p0/lib/ruby/site_ruby/2.0.0/rubygems/core_ext/kernel_require.rb:45:in `require'
	from /Users/Scott/.rvm/rubies/ruby-2.0.0-p0/lib/ruby/site_ruby/2.0.0/rubygems/core_ext/kernel_require.rb:45:in `require'
	from /Users/Scott/ipsorter/config/environment.rb:2:in `<top (required)>'
	from /Users/Scott/.rvm/rubies/ruby-2.0.0-p0/lib/ruby/site_ruby/2.0.0/rubygems/core_ext/kernel_require.rb:45:in `require'
	from /Users/Scott/.rvm/rubies/ruby-2.0.0-p0/lib/ruby/site_ruby/2.0.0/rubygems/core_ext/kernel_require.rb:45:in `require'
	from /Users/Scott/ipsorter/config.ru:3:in `block in <main>'
	from /Users/Scott/.rvm/rubies/ruby-2.0.0-p0/lib/ruby/gems/2.0.0/gems/rack-1.4.5/lib/rack/builder.rb:51:in `instance_eval'
	from /Users/Scott/.rvm/rubies/ruby-2.0.0-p0/lib/ruby/gems/2.0.0/gems/rack-1.4.5/lib/rack/builder.rb:51:in `initialize'
	from /Users/Scott/ipsorter/config.ru:1:in `new'
	from /Users/Scott/ipsorter/config.ru:1:in `<main>'
	from /Users/Scott/.rvm/rubies/ruby-2.0.0-p0/lib/ruby/gems/2.0.0/gems/thin-1.5.1/lib/rack/adapter/loader.rb:33:in `eval'
	from /Users/Scott/.rvm/rubies/ruby-2.0.0-p0/lib/ruby/gems/2.0.0/gems/thin-1.5.1/lib/rack/adapter/loader.rb:33:in `load'
	from /Users/Scott/.rvm/rubies/ruby-2.0.0-p0/lib/ruby/gems/2.0.0/gems/thin-1.5.1/lib/rack/adapter/loader.rb:42:in `for'
	from /Users/Scott/.rvm/rubies/ruby-2.0.0-p0/lib/ruby/gems/2.0.0/gems/thin-1.5.1/lib/thin/controllers/controller.rb:169:in `load_adapter'
	from /Users/Scott/.rvm/rubies/ruby-2.0.0-p0/lib/ruby/gems/2.0.0/gems/thin-1.5.1/lib/thin/controllers/controller.rb:73:in `start'
	from /Users/Scott/.rvm/rubies/ruby-2.0.0-p0/lib/ruby/gems/2.0.0/gems/thin-1.5.1/lib/thin/runner.rb:187:in `run_command'
	from /Users/Scott/.rvm/rubies/ruby-2.0.0-p0/lib/ruby/gems/2.0.0/gems/thin-1.5.1/lib/thin/runner.rb:152:in `run!'
	from /Users/Scott/.rvm/rubies/ruby-2.0.0-p0/lib/ruby/gems/2.0.0/gems/thin-1.5.1/bin/thin:6:in `<top (required)>'
	from /Users/Scott/.rvm/gems/ruby-2.0.0-p0/bin/thin:23:in `load'
	from /Users/Scott/.rvm/gems/ruby-2.0.0-p0/bin/thin:23:in `<main>'
	from /Users/Scott/.rvm/gems/ruby-2.0.0-p0/bin/ruby_noexec_wrapper:14:in `eval'
	from /Users/Scott/.rvm/gems/ruby-2.0.0-p0/bin/ruby_noexec_wrapper:14:in `<main>'
>> Writing PID to tmp/pids/thin.pid
>> Using rack adapter
>> Thin web server (v1.5.1 codename Straight Razor)
>> Maximum connections set to 1024
>> Listening on 0.0.0.0:3000, CTRL+C to stop
>> Writing PID to tmp/pids/thin.pid
>> Using rack adapter
>> Exiting!
/home/scott/.rvm/gems/ruby-2.0.0-p0@global/gems/bundler-1.3.5/lib/bundler/spec_set.rb:92:in `block in materialize': Could not find hike-1.2.1 in any of the sources (Bundler::GemNotFound)
	from /home/scott/.rvm/gems/ruby-2.0.0-p0@global/gems/bundler-1.3.5/lib/bundler/spec_set.rb:85:in `map!'
	from /home/scott/.rvm/gems/ruby-2.0.0-p0@global/gems/bundler-1.3.5/lib/bundler/spec_set.rb:85:in `materialize'
	from /home/scott/.rvm/gems/ruby-2.0.0-p0@global/gems/bundler-1.3.5/lib/bundler/definition.rb:114:in `specs'
	from /home/scott/.rvm/gems/ruby-2.0.0-p0@global/gems/bundler-1.3.5/lib/bundler/definition.rb:159:in `specs_for'
	from /home/scott/.rvm/gems/ruby-2.0.0-p0@global/gems/bundler-1.3.5/lib/bundler/definition.rb:148:in `requested_specs'
	from /home/scott/.rvm/gems/ruby-2.0.0-p0@global/gems/bundler-1.3.5/lib/bundler/environment.rb:18:in `requested_specs'
	from /home/scott/.rvm/gems/ruby-2.0.0-p0@global/gems/bundler-1.3.5/lib/bundler/runtime.rb:13:in `setup'
	from /home/scott/.rvm/gems/ruby-2.0.0-p0@global/gems/bundler-1.3.5/lib/bundler.rb:120:in `setup'
	from /home/scott/.rvm/gems/ruby-2.0.0-p0@global/gems/bundler-1.3.5/lib/bundler/setup.rb:17:in `<top (required)>'
	from /home/scott/.rvm/rubies/ruby-2.0.0-p0/lib/ruby/site_ruby/2.0.0/rubygems/core_ext/kernel_require.rb:45:in `require'
	from /home/scott/.rvm/rubies/ruby-2.0.0-p0/lib/ruby/site_ruby/2.0.0/rubygems/core_ext/kernel_require.rb:45:in `require'
	from /opt/rails/ipsorter/config/boot.rb:6:in `<top (required)>'
	from /home/scott/.rvm/rubies/ruby-2.0.0-p0/lib/ruby/site_ruby/2.0.0/rubygems/core_ext/kernel_require.rb:45:in `require'
	from /home/scott/.rvm/rubies/ruby-2.0.0-p0/lib/ruby/site_ruby/2.0.0/rubygems/core_ext/kernel_require.rb:45:in `require'
	from /opt/rails/ipsorter/config/application.rb:1:in `<top (required)>'
	from /home/scott/.rvm/rubies/ruby-2.0.0-p0/lib/ruby/site_ruby/2.0.0/rubygems/core_ext/kernel_require.rb:45:in `require'
	from /home/scott/.rvm/rubies/ruby-2.0.0-p0/lib/ruby/site_ruby/2.0.0/rubygems/core_ext/kernel_require.rb:45:in `require'
	from /opt/rails/ipsorter/config/environment.rb:2:in `<top (required)>'
	from /home/scott/.rvm/rubies/ruby-2.0.0-p0/lib/ruby/site_ruby/2.0.0/rubygems/core_ext/kernel_require.rb:45:in `require'
	from /home/scott/.rvm/rubies/ruby-2.0.0-p0/lib/ruby/site_ruby/2.0.0/rubygems/core_ext/kernel_require.rb:45:in `require'
	from /opt/rails/ipsorter/config.ru:3:in `block in <main>'
	from /home/scott/.rvm/gems/ruby-2.0.0-p0/gems/rack-1.4.5/lib/rack/builder.rb:51:in `instance_eval'
	from /home/scott/.rvm/gems/ruby-2.0.0-p0/gems/rack-1.4.5/lib/rack/builder.rb:51:in `initialize'
	from /opt/rails/ipsorter/config.ru:1:in `new'
	from /opt/rails/ipsorter/config.ru:1:in `<main>'
	from /home/scott/.rvm/gems/ruby-2.0.0-p0/gems/thin-1.5.1/lib/rack/adapter/loader.rb:33:in `eval'
	from /home/scott/.rvm/gems/ruby-2.0.0-p0/gems/thin-1.5.1/lib/rack/adapter/loader.rb:33:in `load'
	from /home/scott/.rvm/gems/ruby-2.0.0-p0/gems/thin-1.5.1/lib/rack/adapter/loader.rb:42:in `for'
	from /home/scott/.rvm/gems/ruby-2.0.0-p0/gems/thin-1.5.1/lib/thin/controllers/controller.rb:169:in `load_adapter'
	from /home/scott/.rvm/gems/ruby-2.0.0-p0/gems/thin-1.5.1/lib/thin/controllers/controller.rb:73:in `start'
	from /home/scott/.rvm/gems/ruby-2.0.0-p0/gems/thin-1.5.1/lib/thin/runner.rb:187:in `run_command'
	from /home/scott/.rvm/gems/ruby-2.0.0-p0/gems/thin-1.5.1/lib/thin/runner.rb:152:in `run!'
	from /home/scott/.rvm/gems/ruby-2.0.0-p0/gems/thin-1.5.1/bin/thin:6:in `<top (required)>'
	from /home/scott/.rvm/gems/ruby-2.0.0-p0/bin/thin:19:in `load'
	from /home/scott/.rvm/gems/ruby-2.0.0-p0/bin/thin:19:in `<main>'
	from /home/scott/.rvm/gems/ruby-2.0.0-p0/bin/ruby_noexec_wrapper:14:in `eval'
	from /home/scott/.rvm/gems/ruby-2.0.0-p0/bin/ruby_noexec_wrapper:14:in `<main>'
>> Writing PID to tmp/pids/thin.pid
>> Using rack adapter
>> Thin web server (v1.5.1 codename Straight Razor)
>> Maximum connections set to 1024
>> Listening on 0.0.0.0:3000, CTRL+C to stop
>> Writing PID to tmp/pids/thin.pid
>> Using rack adapter
>> Thin web server (v1.5.1 codename Straight Razor)
>> Maximum connections set to 1024
>> Listening on 10.21.1.120:80, CTRL+C to stop
